   Compiling asn1smith v0.1.0 (/Users/ckelly/git/asn1smith)
warning: unused import: `ASN1Object`
 --> src/tui_app.rs:8:25
  |
8 | use crate::der_parser::{ASN1Object, OwnedObject};
  |                         ^^^^^^^^^^
  |
  = note: `#[warn(unused_imports)]` on by default

warning: unused import: `self`
 --> src/main.rs:8:15
  |
8 | use std::io::{self, stdout};
  |               ^^^^

warning: use of deprecated method `ratatui::Frame::<'_>::size`: use .area() as it's the more correct name
   --> src/tui_app.rs:354:44
    |
354 |         let area = centered_rect(60, 60, f.size());
    |                                            ^^^^
    |
    = note: `#[warn(deprecated)]` on by default

warning: variants `IndefiniteLengthNotAllowed` and `TrailingData` are never constructed
  --> src/der_parser.rs:41:5
   |
37 | pub enum ASN1Error {
   |          --------- variants in this enum
...
41 |     IndefiniteLengthNotAllowed,
   |     ^^^^^^^^^^^^^^^^^^^^^^^^^^
42 |     TrailingData,
   |     ^^^^^^^^^^^^
   |
   = note: `ASN1Error` has a derived impl for the trait `Debug`, but this is intentionally ignored during dead code analysis
   = note: `#[warn(dead_code)]` on by default

warning: field `length` is never read
  --> src/der_parser.rs:52:9
   |
50 | pub struct OwnedObject {
   |            ----------- field in this struct
51 |     pub tag: Tag,
52 |     pub length: usize,
   |         ^^^^^^

warning: method `peek` is never used
  --> src/der_parser.rs:78:12
   |
70 | impl<'a> DerParser<'a> {
   | ---------------------- method in this implementation
...
78 |     pub fn peek(&self) -> Option<u8> {
   |            ^^^^

warning: function `print_asn1_object` is never used
 --> src/format.rs:7:8
  |
7 | pub fn print_asn1_object(obj: &ASN1Object, indent: usize, pretty: bool) {
  |        ^^^^^^^^^^^^^^^^^

warning: function `print_tag_header` is never used
  --> src/format.rs:13:8
   |
13 | pub fn print_tag_header(obj: &ASN1Object, indent_str: &str) {
   |        ^^^^^^^^^^^^^^^^

warning: function `print_tag_value` is never used
  --> src/format.rs:54:8
   |
54 | pub fn print_tag_value(obj: &ASN1Object, indent_str: &str, pretty: bool) {
   |        ^^^^^^^^^^^^^^^

warning: function `interpret_value` is never used
  --> src/format.rs:74:4
   |
74 | fn interpret_value(obj: &ASN1Object, indent_str: &str, pretty: bool, bytes: &[u8]) {
   |    ^^^^^^^^^^^^^^^

warning: function `tui_list_items` is never used
   --> src/format.rs:143:8
    |
143 | pub fn tui_list_items(objects: &[OwnedObject], selected_path: &[usize]) -> Vec<ListItem<'static>> {
    |        ^^^^^^^^^^^^^^

warning: `asn1smith` (bin "asn1smith") generated 11 warnings (run `cargo fix --bin "asn1smith"` to apply 2 suggestions)
    Finished `dev` profile [unoptimized + debuginfo] target(s) in 0.64s
     Running `target/debug/asn1smith`
Ctrl-R pressed: parsing input
Raw input buffer: -----BEGIN CERTIFICATE REQUEST-----
MIHQMIGDAgEAMA8xDTALBgNVBAMMBHRlc3QwKjAFBgMrZXADIQD7Fua9ZF+wPXVd
DCBwQr+Aqny6OFvs25wZ/P4LyVsYmKBBMD8GCSqGSIb3DQEJDjEyMDAwLgYDVR0R
BCcwJaAjBgorBgEEAYI3FAIDoBUME2FkZHJlc3NAZG9tYWluLnRlc3QwBQYDK2Vw
A0EAUp5FenHF1rZzRGU+7wiF+/D1bfyDRF0dzWz2sl44nltu8iLjHO3aIfOTYWpq
ZlaDg1Bq3L7Fcb7If4yZAsE5Cw==
-----END CERTIFICATE REQUEST-----
